
*** Running vivado
    with args -log design_1_axis_data_fifo_1_0.vds -m64 -product Vivado -mode batch -messageDb vivado.pb -notrace -source design_1_axis_data_fifo_1_0.tcl


****** Vivado v2025.1 (64-bit)
  **** SW Build 6140274 on Wed May 21 22:58:25 MDT 2025
  **** IP Build 6138677 on Thu May 22 03:10:11 MDT 2025
  **** SharedData Build 6139179 on Tue May 20 17:58:58 MDT 2025
  **** Start of session at: Mon Dec  8 21:17:45 2025
    ** Copyright 1986-2022 Xilinx, Inc. All Rights Reserved.
    ** Copyright 2022-2025 Advanced Micro Devices, Inc. All Rights Reserved.

source design_1_axis_data_fifo_1_0.tcl -notrace
create_project: Time (s): cpu = 00:00:13 ; elapsed = 00:00:07 . Memory (MB): peak = 1546.855 ; gain = 64.059 ; free physical = 2842 ; free virtual = 13029
INFO: [IP_Flow 19-234] Refreshing IP repositories
INFO: [IP_Flow 19-1700] Loaded user IP repository '/home/jstrz/vivado-library'.
INFO: [IP_Flow 19-1700] Loaded user IP repository '/home/jstrz/slam/corner_detection.ip_user_files/bd/design_1/ip'.
INFO: [IP_Flow 19-1700] Loaded user IP repository '/home/jstrz/ip_repo'.
INFO: [IP_Flow 19-1700] Loaded user IP repository '/home/jstrz/ip_repo_slam'.
INFO: [IP_Flow 19-2313] Loaded Vivado IP repository '/tools/Xilinx/2025.1/Vivado/data/ip'.
Command: synth_design -top design_1_axis_data_fifo_1_0 -part xc7z020clg400-1 -incremental_mode off -mode out_of_context
Starting synth_design
Attempting to get a license for feature 'Synthesis' and/or device 'xc7z020'
INFO: [Common 17-349] Got license for feature 'Synthesis' and/or device 'xc7z020'
INFO: [Device 21-403] Loading part xc7z020clg400-1
INFO: [Synth 8-7079] Multithreading enabled for synth_design using a maximum of 7 processes.
INFO: [Synth 8-7078] Launching helper process for spawning children vivado processes
INFO: [Synth 8-7075] Helper process launched with PID 4068750
---------------------------------------------------------------------------------
Starting RTL Elaboration : Time (s): cpu = 00:00:05 ; elapsed = 00:00:06 . Memory (MB): peak = 2178.176 ; gain = 439.742 ; free physical = 355 ; free virtual = 6564
---------------------------------------------------------------------------------
INFO: [Synth 8-6157] synthesizing module 'design_1_axis_data_fifo_1_0' [/home/jstrz/slam/corner_detection.gen/sources_1/bd/design_1/ip/design_1_axis_data_fifo_1_0/synth/design_1_axis_data_fifo_1_0.v:53]
INFO: [Synth 8-6157] synthesizing module 'axis_data_fifo_v2_0_17_top' [/home/jstrz/slam/corner_detection.gen/sources_1/bd/design_1/ipshared/e1e3/hdl/axis_data_fifo_v2_0_vl_rfs.v:53]
INFO: [Synth 8-6157] synthesizing module 'axis_infrastructure_v1_1_1_util_aclken_converter_wrapper' [/home/jstrz/slam/corner_detection.gen/sources_1/bd/design_1/ipshared/434f/hdl/axis_infrastructure_v1_1_vl_rfs.v:596]
INFO: [Synth 8-6157] synthesizing module 'axis_infrastructure_v1_1_1_util_axis2vector' [/home/jstrz/slam/corner_detection.gen/sources_1/bd/design_1/ipshared/434f/hdl/axis_infrastructure_v1_1_vl_rfs.v:805]
INFO: [Synth 8-6155] done synthesizing module 'axis_infrastructure_v1_1_1_util_axis2vector' (0#1) [/home/jstrz/slam/corner_detection.gen/sources_1/bd/design_1/ipshared/434f/hdl/axis_infrastructure_v1_1_vl_rfs.v:805]
INFO: [Synth 8-6157] synthesizing module 'axis_infrastructure_v1_1_1_util_vector2axis' [/home/jstrz/slam/corner_detection.gen/sources_1/bd/design_1/ipshared/434f/hdl/axis_infrastructure_v1_1_vl_rfs.v:986]
INFO: [Synth 8-6155] done synthesizing module 'axis_infrastructure_v1_1_1_util_vector2axis' (0#1) [/home/jstrz/slam/corner_detection.gen/sources_1/bd/design_1/ipshared/434f/hdl/axis_infrastructure_v1_1_vl_rfs.v:986]
INFO: [Synth 8-6155] done synthesizing module 'axis_infrastructure_v1_1_1_util_aclken_converter_wrapper' (0#1) [/home/jstrz/slam/corner_detection.gen/sources_1/bd/design_1/ipshared/434f/hdl/axis_infrastructure_v1_1_vl_rfs.v:596]
INFO: [Synth 8-6157] synthesizing module 'xpm_fifo_axis' [/tools/Xilinx/2025.1/Vivado/data/ip/xpm/xpm_fifo/hdl/xpm_fifo.sv:2373]
INFO: [Synth 8-6157] synthesizing module 'xpm_cdc_sync_rst' [/tools/Xilinx/2025.1/Vivado/data/ip/xpm/xpm_cdc/hdl/xpm_cdc.sv:1059]
INFO: [Synth 8-6155] done synthesizing module 'xpm_cdc_sync_rst' (0#1) [/tools/Xilinx/2025.1/Vivado/data/ip/xpm/xpm_cdc/hdl/xpm_cdc.sv:1059]
INFO: [Synth 8-6157] synthesizing module 'xpm_fifo_base' [/tools/Xilinx/2025.1/Vivado/data/ip/xpm/xpm_fifo/hdl/xpm_fifo.sv:53]
INFO: [Synth 8-6157] synthesizing module 'xpm_memory_base' [/tools/Xilinx/2025.1/Vivado/data/ip/xpm/xpm_memory/hdl/xpm_memory.sv:54]
INFO: [Synth 8-6059] Synth Info: [XPM_MEMORY 20-1] MEMORY_PRIMITIVE (0) instructs Vivado Synthesis to choose the memory primitive type. Depending on their values, other XPM_MEMORY parameters may preclude the choice of certain memory primitive types. Review XPM_MEMORY documentation and parameter values to understand any limitations, or set MEMORY_PRIMITIVE to a different value.   [/tools/Xilinx/2025.1/Vivado/data/ip/xpm/xpm_memory/hdl/xpm_memory.sv:522]
INFO: [Synth 8-6155] done synthesizing module 'xpm_memory_base' (0#1) [/tools/Xilinx/2025.1/Vivado/data/ip/xpm/xpm_memory/hdl/xpm_memory.sv:54]
INFO: [Synth 8-6157] synthesizing module 'xpm_cdc_gray' [/tools/Xilinx/2025.1/Vivado/data/ip/xpm/xpm_cdc/hdl/xpm_cdc.sv:283]
INFO: [Synth 8-6155] done synthesizing module 'xpm_cdc_gray' (0#1) [/tools/Xilinx/2025.1/Vivado/data/ip/xpm/xpm_cdc/hdl/xpm_cdc.sv:283]
INFO: [Synth 8-6157] synthesizing module 'xpm_fifo_reg_vec' [/tools/Xilinx/2025.1/Vivado/data/ip/xpm/xpm_fifo/hdl/xpm_fifo.sv:1905]
INFO: [Synth 8-6155] done synthesizing module 'xpm_fifo_reg_vec' (0#1) [/tools/Xilinx/2025.1/Vivado/data/ip/xpm/xpm_fifo/hdl/xpm_fifo.sv:1905]
INFO: [Synth 8-6157] synthesizing module 'xpm_cdc_gray__parameterized0' [/tools/Xilinx/2025.1/Vivado/data/ip/xpm/xpm_cdc/hdl/xpm_cdc.sv:283]
INFO: [Synth 8-6155] done synthesizing module 'xpm_cdc_gray__parameterized0' (0#1) [/tools/Xilinx/2025.1/Vivado/data/ip/xpm/xpm_cdc/hdl/xpm_cdc.sv:283]
INFO: [Synth 8-6157] synthesizing module 'xpm_fifo_reg_vec__parameterized0' [/tools/Xilinx/2025.1/Vivado/data/ip/xpm/xpm_fifo/hdl/xpm_fifo.sv:1905]
INFO: [Synth 8-6155] done synthesizing module 'xpm_fifo_reg_vec__parameterized0' (0#1) [/tools/Xilinx/2025.1/Vivado/data/ip/xpm/xpm_fifo/hdl/xpm_fifo.sv:1905]
INFO: [Synth 8-6157] synthesizing module 'xpm_cdc_gray__parameterized1' [/tools/Xilinx/2025.1/Vivado/data/ip/xpm/xpm_cdc/hdl/xpm_cdc.sv:283]
INFO: [Synth 8-6155] done synthesizing module 'xpm_cdc_gray__parameterized1' (0#1) [/tools/Xilinx/2025.1/Vivado/data/ip/xpm/xpm_cdc/hdl/xpm_cdc.sv:283]
INFO: [Synth 8-226] default block is never used [/tools/Xilinx/2025.1/Vivado/data/ip/xpm/xpm_fifo/hdl/xpm_fifo.sv:1220]
INFO: [Synth 8-226] default block is never used [/tools/Xilinx/2025.1/Vivado/data/ip/xpm/xpm_fifo/hdl/xpm_fifo.sv:1287]
INFO: [Synth 8-226] default block is never used [/tools/Xilinx/2025.1/Vivado/data/ip/xpm/xpm_fifo/hdl/xpm_fifo.sv:1309]
INFO: [Synth 8-6157] synthesizing module 'xpm_fifo_reg_bit' [/tools/Xilinx/2025.1/Vivado/data/ip/xpm/xpm_fifo/hdl/xpm_fifo.sv:1927]
INFO: [Synth 8-6155] done synthesizing module 'xpm_fifo_reg_bit' (0#1) [/tools/Xilinx/2025.1/Vivado/data/ip/xpm/xpm_fifo/hdl/xpm_fifo.sv:1927]
INFO: [Synth 8-6157] synthesizing module 'xpm_counter_updn' [/tools/Xilinx/2025.1/Vivado/data/ip/xpm/xpm_fifo/hdl/xpm_fifo.sv:1879]
INFO: [Synth 8-6155] done synthesizing module 'xpm_counter_updn' (0#1) [/tools/Xilinx/2025.1/Vivado/data/ip/xpm/xpm_fifo/hdl/xpm_fifo.sv:1879]
INFO: [Synth 8-6157] synthesizing module 'xpm_fifo_rst' [/tools/Xilinx/2025.1/Vivado/data/ip/xpm/xpm_fifo/hdl/xpm_fifo.sv:1639]
INFO: [Synth 8-6155] done synthesizing module 'xpm_fifo_rst' (0#1) [/tools/Xilinx/2025.1/Vivado/data/ip/xpm/xpm_fifo/hdl/xpm_fifo.sv:1639]
INFO: [Synth 8-6157] synthesizing module 'xpm_counter_updn__parameterized0' [/tools/Xilinx/2025.1/Vivado/data/ip/xpm/xpm_fifo/hdl/xpm_fifo.sv:1879]
INFO: [Synth 8-6155] done synthesizing module 'xpm_counter_updn__parameterized0' (0#1) [/tools/Xilinx/2025.1/Vivado/data/ip/xpm/xpm_fifo/hdl/xpm_fifo.sv:1879]
INFO: [Synth 8-6157] synthesizing module 'xpm_counter_updn__parameterized1' [/tools/Xilinx/2025.1/Vivado/data/ip/xpm/xpm_fifo/hdl/xpm_fifo.sv:1879]
INFO: [Synth 8-6155] done synthesizing module 'xpm_counter_updn__parameterized1' (0#1) [/tools/Xilinx/2025.1/Vivado/data/ip/xpm/xpm_fifo/hdl/xpm_fifo.sv:1879]
INFO: [Synth 8-6157] synthesizing module 'xpm_counter_updn__parameterized2' [/tools/Xilinx/2025.1/Vivado/data/ip/xpm/xpm_fifo/hdl/xpm_fifo.sv:1879]
INFO: [Synth 8-6155] done synthesizing module 'xpm_counter_updn__parameterized2' (0#1) [/tools/Xilinx/2025.1/Vivado/data/ip/xpm/xpm_fifo/hdl/xpm_fifo.sv:1879]
INFO: [Synth 8-6155] done synthesizing module 'xpm_fifo_base' (0#1) [/tools/Xilinx/2025.1/Vivado/data/ip/xpm/xpm_fifo/hdl/xpm_fifo.sv:53]
INFO: [Synth 8-6155] done synthesizing module 'xpm_fifo_axis' (0#1) [/tools/Xilinx/2025.1/Vivado/data/ip/xpm/xpm_fifo/hdl/xpm_fifo.sv:2373]
INFO: [Synth 8-6155] done synthesizing module 'axis_data_fifo_v2_0_17_top' (0#1) [/home/jstrz/slam/corner_detection.gen/sources_1/bd/design_1/ipshared/e1e3/hdl/axis_data_fifo_v2_0_vl_rfs.v:53]
INFO: [Synth 8-6155] done synthesizing module 'design_1_axis_data_fifo_1_0' (0#1) [/home/jstrz/slam/corner_detection.gen/sources_1/bd/design_1/ip/design_1_axis_data_fifo_1_0/synth/design_1_axis_data_fifo_1_0.v:53]
WARNING: [Synth 8-6014] Unused sequential element gen_rd_b.gen_doutb_pipe.enb_pipe_reg[0] was removed.  [/tools/Xilinx/2025.1/Vivado/data/ip/xpm/xpm_memory/hdl/xpm_memory.sv:3085]
WARNING: [Synth 8-6014] Unused sequential element dest_out_bin_ff_reg was removed.  [/tools/Xilinx/2025.1/Vivado/data/ip/xpm/xpm_cdc/hdl/xpm_cdc.sv:417]
WARNING: [Synth 8-6014] Unused sequential element dest_out_bin_ff_reg was removed.  [/tools/Xilinx/2025.1/Vivado/data/ip/xpm/xpm_cdc/hdl/xpm_cdc.sv:417]
WARNING: [Synth 8-6014] Unused sequential element dest_out_bin_ff_reg was removed.  [/tools/Xilinx/2025.1/Vivado/data/ip/xpm/xpm_cdc/hdl/xpm_cdc.sv:417]
WARNING: [Synth 8-6014] Unused sequential element gdvld.data_valid_std_reg was removed.  [/tools/Xilinx/2025.1/Vivado/data/ip/xpm/xpm_fifo/hdl/xpm_fifo.sv:550]
WARNING: [Synth 8-6014] Unused sequential element gen_fwft.empty_fwft_fb_reg was removed.  [/tools/Xilinx/2025.1/Vivado/data/ip/xpm/xpm_fifo/hdl/xpm_fifo.sv:1404]
WARNING: [Synth 8-7129] Port ACLK in module axis_infrastructure_v1_1_1_util_aclken_converter_wrapper is either unconnected or has no load
WARNING: [Synth 8-7129] Port ARESETN in module axis_infrastructure_v1_1_1_util_aclken_converter_wrapper is either unconnected or has no load
WARNING: [Synth 8-7129] Port S_ACLKEN in module axis_infrastructure_v1_1_1_util_aclken_converter_wrapper is either unconnected or has no load
WARNING: [Synth 8-7129] Port M_ACLKEN in module axis_infrastructure_v1_1_1_util_aclken_converter_wrapper is either unconnected or has no load
WARNING: [Synth 8-7129] Port sleep in module xpm_memory_base is either unconnected or has no load
WARNING: [Synth 8-7129] Port rsta in module xpm_memory_base is either unconnected or has no load
WARNING: [Synth 8-7129] Port regcea in module xpm_memory_base is either unconnected or has no load
WARNING: [Synth 8-7129] Port injectsbiterra in module xpm_memory_base is either unconnected or has no load
WARNING: [Synth 8-7129] Port injectdbiterra in module xpm_memory_base is either unconnected or has no load
WARNING: [Synth 8-7129] Port dinb[83] in module xpm_memory_base is either unconnected or has no load
WARNING: [Synth 8-7129] Port dinb[82] in module xpm_memory_base is either unconnected or has no load
WARNING: [Synth 8-7129] Port dinb[81] in module xpm_memory_base is either unconnected or has no load
WARNING: [Synth 8-7129] Port dinb[80] in module xpm_memory_base is either unconnected or has no load
WARNING: [Synth 8-7129] Port dinb[79] in module xpm_memory_base is either unconnected or has no load
WARNING: [Synth 8-7129] Port dinb[78] in module xpm_memory_base is either unconnected or has no load
WARNING: [Synth 8-7129] Port dinb[77] in module xpm_memory_base is either unconnected or has no load
WARNING: [Synth 8-7129] Port dinb[76] in module xpm_memory_base is either unconnected or has no load
WARNING: [Synth 8-7129] Port dinb[75] in module xpm_memory_base is either unconnected or has no load
WARNING: [Synth 8-7129] Port dinb[74] in module xpm_memory_base is either unconnected or has no load
WARNING: [Synth 8-7129] Port dinb[73] in module xpm_memory_base is either unconnected or has no load
WARNING: [Synth 8-7129] Port dinb[72] in module xpm_memory_base is either unconnected or has no load
WARNING: [Synth 8-7129] Port dinb[71] in module xpm_memory_base is either unconnected or has no load
WARNING: [Synth 8-7129] Port dinb[70] in module xpm_memory_base is either unconnected or has no load
WARNING: [Synth 8-7129] Port dinb[69] in module xpm_memory_base is either unconnected or has no load
WARNING: [Synth 8-7129] Port dinb[68] in module xpm_memory_base is either unconnected or has no load
WARNING: [Synth 8-7129] Port dinb[67] in module xpm_memory_base is either unconnected or has no load
WARNING: [Synth 8-7129] Port dinb[66] in module xpm_memory_base is either unconnected or has no load
WARNING: [Synth 8-7129] Port dinb[65] in module xpm_memory_base is either unconnected or has no load
WARNING: [Synth 8-7129] Port dinb[64] in module xpm_memory_base is either unconnected or has no load
WARNING: [Synth 8-7129] Port dinb[63] in module xpm_memory_base is either unconnected or has no load
WARNING: [Synth 8-7129] Port dinb[62] in module xpm_memory_base is either unconnected or has no load
WARNING: [Synth 8-7129] Port dinb[61] in module xpm_memory_base is either unconnected or has no load
WARNING: [Synth 8-7129] Port dinb[60] in module xpm_memory_base is either unconnected or has no load
WARNING: [Synth 8-7129] Port dinb[59] in module xpm_memory_base is either unconnected or has no load
WARNING: [Synth 8-7129] Port dinb[58] in module xpm_memory_base is either unconnected or has no load
WARNING: [Synth 8-7129] Port dinb[57] in module xpm_memory_base is either unconnected or has no load
WARNING: [Synth 8-7129] Port dinb[56] in module xpm_memory_base is either unconnected or has no load
WARNING: [Synth 8-7129] Port dinb[55] in module xpm_memory_base is either unconnected or has no load
WARNING: [Synth 8-7129] Port dinb[54] in module xpm_memory_base is either unconnected or has no load
WARNING: [Synth 8-7129] Port dinb[53] in module xpm_memory_base is either unconnected or has no load
WARNING: [Synth 8-7129] Port dinb[52] in module xpm_memory_base is either unconnected or has no load
WARNING: [Synth 8-7129] Port dinb[51] in module xpm_memory_base is either unconnected or has no load
WARNING: [Synth 8-7129] Port dinb[50] in module xpm_memory_base is either unconnected or has no load
WARNING: [Synth 8-7129] Port dinb[49] in module xpm_memory_base is either unconnected or has no load
WARNING: [Synth 8-7129] Port dinb[48] in module xpm_memory_base is either unconnected or has no load
WARNING: [Synth 8-7129] Port dinb[47] in module xpm_memory_base is either unconnected or has no load
WARNING: [Synth 8-7129] Port dinb[46] in module xpm_memory_base is either unconnected or has no load
WARNING: [Synth 8-7129] Port dinb[45] in module xpm_memory_base is either unconnected or has no load
WARNING: [Synth 8-7129] Port dinb[44] in module xpm_memory_base is either unconnected or has no load
WARNING: [Synth 8-7129] Port dinb[43] in module xpm_memory_base is either unconnected or has no load
WARNING: [Synth 8-7129] Port dinb[42] in module xpm_memory_base is either unconnected or has no load
WARNING: [Synth 8-7129] Port dinb[41] in module xpm_memory_base is either unconnected or has no load
WARNING: [Synth 8-7129] Port dinb[40] in module xpm_memory_base is either unconnected or has no load
WARNING: [Synth 8-7129] Port dinb[39] in module xpm_memory_base is either unconnected or has no load
WARNING: [Synth 8-7129] Port dinb[38] in module xpm_memory_base is either unconnected or has no load
WARNING: [Synth 8-7129] Port dinb[37] in module xpm_memory_base is either unconnected or has no load
WARNING: [Synth 8-7129] Port dinb[36] in module xpm_memory_base is either unconnected or has no load
WARNING: [Synth 8-7129] Port dinb[35] in module xpm_memory_base is either unconnected or has no load
WARNING: [Synth 8-7129] Port dinb[34] in module xpm_memory_base is either unconnected or has no load
WARNING: [Synth 8-7129] Port dinb[33] in module xpm_memory_base is either unconnected or has no load
WARNING: [Synth 8-7129] Port dinb[32] in module xpm_memory_base is either unconnected or has no load
WARNING: [Synth 8-7129] Port dinb[31] in module xpm_memory_base is either unconnected or has no load
WARNING: [Synth 8-7129] Port dinb[30] in module xpm_memory_base is either unconnected or has no load
WARNING: [Synth 8-7129] Port dinb[29] in module xpm_memory_base is either unconnected or has no load
WARNING: [Synth 8-7129] Port dinb[28] in module xpm_memory_base is either unconnected or has no load
WARNING: [Synth 8-7129] Port dinb[27] in module xpm_memory_base is either unconnected or has no load
WARNING: [Synth 8-7129] Port dinb[26] in module xpm_memory_base is either unconnected or has no load
WARNING: [Synth 8-7129] Port dinb[25] in module xpm_memory_base is either unconnected or has no load
WARNING: [Synth 8-7129] Port dinb[24] in module xpm_memory_base is either unconnected or has no load
WARNING: [Synth 8-7129] Port dinb[23] in module xpm_memory_base is either unconnected or has no load
WARNING: [Synth 8-7129] Port dinb[22] in module xpm_memory_base is either unconnected or has no load
WARNING: [Synth 8-7129] Port dinb[21] in module xpm_memory_base is either unconnected or has no load
WARNING: [Synth 8-7129] Port dinb[20] in module xpm_memory_base is either unconnected or has no load
WARNING: [Synth 8-7129] Port dinb[19] in module xpm_memory_base is either unconnected or has no load
WARNING: [Synth 8-7129] Port dinb[18] in module xpm_memory_base is either unconnected or has no load
WARNING: [Synth 8-7129] Port dinb[17] in module xpm_memory_base is either unconnected or has no load
WARNING: [Synth 8-7129] Port dinb[16] in module xpm_memory_base is either unconnected or has no load
WARNING: [Synth 8-7129] Port dinb[15] in module xpm_memory_base is either unconnected or has no load
WARNING: [Synth 8-7129] Port dinb[14] in module xpm_memory_base is either unconnected or has no load
WARNING: [Synth 8-7129] Port dinb[13] in module xpm_memory_base is either unconnected or has no load
WARNING: [Synth 8-7129] Port dinb[12] in module xpm_memory_base is either unconnected or has no load
WARNING: [Synth 8-7129] Port dinb[11] in module xpm_memory_base is either unconnected or has no load
WARNING: [Synth 8-7129] Port dinb[10] in module xpm_memory_base is either unconnected or has no load
WARNING: [Synth 8-7129] Port dinb[9] in module xpm_memory_base is either unconnected or has no load
WARNING: [Synth 8-7129] Port dinb[8] in module xpm_memory_base is either unconnected or has no load
WARNING: [Synth 8-7129] Port dinb[7] in module xpm_memory_base is either unconnected or has no load
WARNING: [Synth 8-7129] Port dinb[6] in module xpm_memory_base is either unconnected or has no load
WARNING: [Synth 8-7129] Port dinb[5] in module xpm_memory_base is either unconnected or has no load
WARNING: [Synth 8-7129] Port dinb[4] in module xpm_memory_base is either unconnected or has no load
WARNING: [Synth 8-7129] Port dinb[3] in module xpm_memory_base is either unconnected or has no load
WARNING: [Synth 8-7129] Port dinb[2] in module xpm_memory_base is either unconnected or has no load
WARNING: [Synth 8-7129] Port dinb[1] in module xpm_memory_base is either unconnected or has no load
WARNING: [Synth 8-7129] Port dinb[0] in module xpm_memory_base is either unconnected or has no load
WARNING: [Synth 8-7129] Port injectsbiterrb in module xpm_memory_base is either unconnected or has no load
WARNING: [Synth 8-7129] Port injectdbiterrb in module xpm_memory_base is either unconnected or has no load
---------------------------------------------------------------------------------
Finished RTL Elaboration : Time (s): cpu = 00:00:07 ; elapsed = 00:00:07 . Memory (MB): peak = 2268.113 ; gain = 529.680 ; free physical = 293 ; free virtual = 6275
---------------------------------------------------------------------------------
---------------------------------------------------------------------------------
Start Handling Custom Attributes
---------------------------------------------------------------------------------
---------------------------------------------------------------------------------
Finished Handling Custom Attributes : Time (s): cpu = 00:00:07 ; elapsed = 00:00:07 . Memory (MB): peak = 2282.957 ; gain = 544.523 ; free physical = 274 ; free virtual = 6259
---------------------------------------------------------------------------------
---------------------------------------------------------------------------------
Finished RTL Optimization Phase 1 : Time (s): cpu = 00:00:07 ; elapsed = 00:00:07 . Memory (MB): peak = 2282.957 ; gain = 544.523 ; free physical = 274 ; free virtual = 6259
---------------------------------------------------------------------------------
Netlist sorting complete. Time (s): cpu = 00:00:00 ; elapsed = 00:00:00.01 . Memory (MB): peak = 2282.957 ; gain = 0.000 ; free physical = 270 ; free virtual = 6255
INFO: [Project 1-570] Preparing netlist for logic optimization

Processing XDC Constraints
Initializing timing engine
Parsing XDC File [/home/jstrz/slam/corner_detection.gen/sources_1/bd/design_1/ip/design_1_axis_data_fifo_1_0/design_1_axis_data_fifo_1_0_ooc.xdc] for cell 'inst'
Finished Parsing XDC File [/home/jstrz/slam/corner_detection.gen/sources_1/bd/design_1/ip/design_1_axis_data_fifo_1_0/design_1_axis_data_fifo_1_0_ooc.xdc] for cell 'inst'
Parsing XDC File [/home/jstrz/slam/corner_detection.runs/design_1_axis_data_fifo_1_0_synth_1/dont_touch.xdc]
Finished Parsing XDC File [/home/jstrz/slam/corner_detection.runs/design_1_axis_data_fifo_1_0_synth_1/dont_touch.xdc]
INFO: [Project 1-236] Implementation specific constraints were found while reading constraint file [/tools/Xilinx/2025.1/Vivado/data/ip/xpm/xpm_cdc/tcl/xpm_cdc_gray.tcl]. These constraints will be ignored for synthesis but will be used in implementation. Impacted constraints are listed in the file [.Xil/design_1_axis_data_fifo_1_0_propImpl.xdc].
Resolution: To avoid this warning, move constraints listed in [.Xil/design_1_axis_data_fifo_1_0_propImpl.xdc] to another XDC file and exclude this new file from synthesis with the used_in_synthesis property (File Properties dialog in GUI) and re-run elaboration/synthesis.
INFO: [Project 1-236] Implementation specific constraints were found while reading constraint file [/tools/Xilinx/2025.1/Vivado/data/ip/xpm/xpm_fifo/tcl/xpm_fifo_rst_axis.tcl]. These constraints will be ignored for synthesis but will be used in implementation. Impacted constraints are listed in the file [.Xil/design_1_axis_data_fifo_1_0_propImpl.xdc].
Resolution: To avoid this warning, move constraints listed in [.Xil/design_1_axis_data_fifo_1_0_propImpl.xdc] to another XDC file and exclude this new file from synthesis with the used_in_synthesis property (File Properties dialog in GUI) and re-run elaboration/synthesis.
INFO: [Project 1-1714] 8 XPM XDC files have been applied to the design.
Completed Processing XDC Constraints

Netlist sorting complete. Time (s): cpu = 00:00:00 ; elapsed = 00:00:00 . Memory (MB): peak = 2407.695 ; gain = 0.000 ; free physical = 308 ; free virtual = 5950
INFO: [Project 1-111] Unisim Transformation Summary:
No Unisim elements were transformed.

Constraint Validation Runtime : Time (s): cpu = 00:00:00.02 ; elapsed = 00:00:00.02 . Memory (MB): peak = 2407.730 ; gain = 0.000 ; free physical = 302 ; free virtual = 5947
INFO: [Designutils 20-5008] Incremental synthesis strategy off
---------------------------------------------------------------------------------
Finished Constraint Validation : Time (s): cpu = 00:00:13 ; elapsed = 00:00:14 . Memory (MB): peak = 2407.730 ; gain = 669.297 ; free physical = 317 ; free virtual = 5573
---------------------------------------------------------------------------------
---------------------------------------------------------------------------------
Start Loading Part and Timing Information
---------------------------------------------------------------------------------
Loading part: xc7z020clg400-1
---------------------------------------------------------------------------------
Finished Loading Part and Timing Information : Time (s): cpu = 00:00:13 ; elapsed = 00:00:14 . Memory (MB): peak = 2415.699 ; gain = 677.266 ; free physical = 317 ; free virtual = 5573
---------------------------------------------------------------------------------
---------------------------------------------------------------------------------
Start Applying 'set_property' XDC Constraints
---------------------------------------------------------------------------------
---------------------------------------------------------------------------------
Finished applying 'set_property' XDC Constraints : Time (s): cpu = 00:00:13 ; elapsed = 00:00:14 . Memory (MB): peak = 2415.699 ; gain = 677.266 ; free physical = 317 ; free virtual = 5573
---------------------------------------------------------------------------------
INFO: [Synth 8-802] inferred FSM for state register 'gen_rst_ic.curr_wrst_state_reg' in module 'xpm_fifo_rst'
INFO: [Synth 8-802] inferred FSM for state register 'gen_rst_ic.curr_rrst_state_reg' in module 'xpm_fifo_rst'
INFO: [Synth 8-802] inferred FSM for state register 'gen_fwft.curr_fwft_state_reg' in module 'xpm_fifo_base'
INFO: [Synth 8-5552] Implemented safe state 'default_state' for state register 'gen_rst_ic.curr_wrst_state_reg' in module 'xpm_fifo_rst'
---------------------------------------------------------------------------------------------------
                   State |                     New Encoding |                Previous Encoding 
---------------------------------------------------------------------------------------------------
*
               WRST_IDLE |                            00001 |                              000
                 WRST_IN |                            00010 |                              010
                WRST_OUT |                            00100 |                              111
               WRST_EXIT |                            01000 |                              110
            WRST_GO2IDLE |                            10000 |                              100
---------------------------------------------------------------------------------------------------
INFO: [Synth 8-3354] encoded FSM with state register 'gen_rst_ic.curr_wrst_state_reg' using encoding 'one-hot' in module 'xpm_fifo_rst'
INFO: [Synth 8-5552] Implemented safe state 'default_state' for state register 'gen_rst_ic.curr_rrst_state_reg' in module 'xpm_fifo_rst'
---------------------------------------------------------------------------------------------------
                   State |                     New Encoding |                Previous Encoding 
---------------------------------------------------------------------------------------------------
*
               RRST_IDLE |                               00 |                               00
                 RRST_IN |                               01 |                               10
                RRST_OUT |                               10 |                               11
               RRST_EXIT |                               11 |                               01
---------------------------------------------------------------------------------------------------
INFO: [Synth 8-3354] encoded FSM with state register 'gen_rst_ic.curr_rrst_state_reg' using encoding 'sequential' in module 'xpm_fifo_rst'
---------------------------------------------------------------------------------------------------
                   State |                     New Encoding |                Previous Encoding 
---------------------------------------------------------------------------------------------------
                 invalid |                               00 |                               00
            stage1_valid |                               01 |                               10
       both_stages_valid |                               10 |                               11
            stage2_valid |                               11 |                               01
---------------------------------------------------------------------------------------------------
INFO: [Synth 8-3354] encoded FSM with state register 'gen_fwft.curr_fwft_state_reg' using encoding 'sequential' in module 'xpm_fifo_base'
---------------------------------------------------------------------------------
Finished RTL Optimization Phase 2 : Time (s): cpu = 00:00:14 ; elapsed = 00:00:14 . Memory (MB): peak = 2415.699 ; gain = 677.266 ; free physical = 297 ; free virtual = 5558
---------------------------------------------------------------------------------
---------------------------------------------------------------------------------
Start RTL Component Statistics 
---------------------------------------------------------------------------------
Detailed RTL Component Info : 
+---Adders : 
	   4 Input    7 Bit       Adders := 2     
	   2 Input    7 Bit       Adders := 2     
	   4 Input    6 Bit       Adders := 3     
	   4 Input    2 Bit       Adders := 1     
+---XORs : 
	   2 Input      7 Bit         XORs := 2     
	   2 Input      6 Bit         XORs := 2     
	   2 Input      1 Bit         XORs := 22    
+---Registers : 
	               84 Bit    Registers := 2     
	                7 Bit    Registers := 14    
	                6 Bit    Registers := 13    
	                3 Bit    Registers := 3     
	                2 Bit    Registers := 2     
	                1 Bit    Registers := 14    
+---RAMs : 
	               5K Bit	(64 X 84 bit)          RAMs := 1     
+---Muxes : 
	   6 Input    5 Bit        Muxes := 1     
	   2 Input    5 Bit        Muxes := 8     
	   5 Input    2 Bit        Muxes := 1     
	   2 Input    2 Bit        Muxes := 33    
	   4 Input    2 Bit        Muxes := 7     
	   2 Input    1 Bit        Muxes := 5     
	   6 Input    1 Bit        Muxes := 2     
	   5 Input    1 Bit        Muxes := 3     
	   4 Input    1 Bit        Muxes := 2     
---------------------------------------------------------------------------------
Finished RTL Component Statistics 
---------------------------------------------------------------------------------
---------------------------------------------------------------------------------
Start Part Resource Summary
---------------------------------------------------------------------------------
Part Resources:
DSPs: 220 (col length:60)
BRAMs: 280 (col length: RAMB18 60 RAMB36 30)
---------------------------------------------------------------------------------
Finished Part Resource Summary
---------------------------------------------------------------------------------
---------------------------------------------------------------------------------
Start Cross Boundary and Area Optimization
---------------------------------------------------------------------------------
WARNING: [Synth 8-7080] Parallel synthesis criteria is not met
WARNING: [Synth 8-7129] Port rsta in module xpm_memory_base is either unconnected or has no load
WARNING: [Synth 8-7129] Port regcea in module xpm_memory_base is either unconnected or has no load
WARNING: [Synth 8-7129] Port injectsbiterra in module xpm_memory_base is either unconnected or has no load
WARNING: [Synth 8-7129] Port injectdbiterra in module xpm_memory_base is either unconnected or has no load
WARNING: [Synth 8-7129] Port dinb[83] in module xpm_memory_base is either unconnected or has no load
INFO: [Common 17-14] Message 'Synth 8-7129' appears 100 times and further instances of the messages will be disabled. Use the Tcl command set_msg_config to change the current settings.
---------------------------------------------------------------------------------
Finished Cross Boundary and Area Optimization : Time (s): cpu = 00:00:15 ; elapsed = 00:00:16 . Memory (MB): peak = 2415.699 ; gain = 677.266 ; free physical = 242 ; free virtual = 5377
---------------------------------------------------------------------------------
---------------------------------------------------------------------------------
Start ROM, RAM, DSP, Shift Register and Retiming Reporting
---------------------------------------------------------------------------------

Block RAM: Preliminary Mapping Report (see note below)
+----------------------------------------------------------------------------------------+----------------------------------+------------------------+---+---+------------------------+---+---+------------------+--------+--------+
|Module Name                                                                             | RTL Object                       | PORT A (Depth x Width) | W | R | PORT B (Depth x Width) | W | R | Ports driving FF | RAMB18 | RAMB36 | 
+----------------------------------------------------------------------------------------+----------------------------------+------------------------+---+---+------------------------+---+---+------------------+--------+--------+
|inst/\gen_fifo.xpm_fifo_axis_inst /xpm_fifo_base_inst/\gen_sdpram.xpm_memory_base_inst  | gen_wr_a.gen_word_narrow.mem_reg | 64 x 84(NO_CHANGE)     | W |   | 64 x 84(WRITE_FIRST)   |   | R | Port A and B     | 1      | 1      | 
+----------------------------------------------------------------------------------------+----------------------------------+------------------------+---+---+------------------------+---+---+------------------+--------+--------+

Note: The table above is a preliminary report that shows the Block RAMs at the current stage of the synthesis flow. Some Block RAMs may be reimplemented as non Block RAM primitives later in the synthesis flow. Multiple instantiated Block RAMs are reported only once. 
---------------------------------------------------------------------------------
Finished ROM, RAM, DSP, Shift Register and Retiming Reporting
---------------------------------------------------------------------------------
---------------------------------------------------------------------------------
Start Applying XDC Timing Constraints
---------------------------------------------------------------------------------
---------------------------------------------------------------------------------
Finished Applying XDC Timing Constraints : Time (s): cpu = 00:00:20 ; elapsed = 00:00:21 . Memory (MB): peak = 2445.699 ; gain = 707.266 ; free physical = 230 ; free virtual = 5021
---------------------------------------------------------------------------------
---------------------------------------------------------------------------------
Start Timing Optimization
---------------------------------------------------------------------------------
---------------------------------------------------------------------------------
Finished Timing Optimization : Time (s): cpu = 00:00:20 ; elapsed = 00:00:21 . Memory (MB): peak = 2446.699 ; gain = 708.266 ; free physical = 210 ; free virtual = 4996
---------------------------------------------------------------------------------
---------------------------------------------------------------------------------
Start ROM, RAM, DSP, Shift Register and Retiming Reporting
---------------------------------------------------------------------------------

Block RAM: Final Mapping Report
+----------------------------------------------------------------------------------------+----------------------------------+------------------------+---+---+------------------------+---+---+------------------+--------+--------+
|Module Name                                                                             | RTL Object                       | PORT A (Depth x Width) | W | R | PORT B (Depth x Width) | W | R | Ports driving FF | RAMB18 | RAMB36 | 
+----------------------------------------------------------------------------------------+----------------------------------+------------------------+---+---+------------------------+---+---+------------------+--------+--------+
|inst/\gen_fifo.xpm_fifo_axis_inst /xpm_fifo_base_inst/\gen_sdpram.xpm_memory_base_inst  | gen_wr_a.gen_word_narrow.mem_reg | 64 x 84(NO_CHANGE)     | W |   | 64 x 84(WRITE_FIRST)   |   | R | Port A and B     | 1      | 1      | 
+----------------------------------------------------------------------------------------+----------------------------------+------------------------+---+---+------------------------+---+---+------------------+--------+--------+

---------------------------------------------------------------------------------
Finished ROM, RAM, DSP, Shift Register and Retiming Reporting
---------------------------------------------------------------------------------
---------------------------------------------------------------------------------
Start Technology Mapping
---------------------------------------------------------------------------------
---------------------------------------------------------------------------------
Finished Technology Mapping : Time (s): cpu = 00:00:20 ; elapsed = 00:00:21 . Memory (MB): peak = 2475.746 ; gain = 737.312 ; free physical = 273 ; free virtual = 4952
---------------------------------------------------------------------------------
---------------------------------------------------------------------------------
Start IO Insertion
---------------------------------------------------------------------------------
---------------------------------------------------------------------------------
Start Flattening Before IO Insertion
---------------------------------------------------------------------------------
---------------------------------------------------------------------------------
Finished Flattening Before IO Insertion
---------------------------------------------------------------------------------
---------------------------------------------------------------------------------
Start Final Netlist Cleanup
---------------------------------------------------------------------------------
---------------------------------------------------------------------------------
Finished Final Netlist Cleanup
---------------------------------------------------------------------------------
---------------------------------------------------------------------------------
Finished IO Insertion : Time (s): cpu = 00:00:23 ; elapsed = 00:00:24 . Memory (MB): peak = 2633.559 ; gain = 895.125 ; free physical = 400 ; free virtual = 5050
---------------------------------------------------------------------------------
---------------------------------------------------------------------------------
Start Renaming Generated Instances
---------------------------------------------------------------------------------
---------------------------------------------------------------------------------
Finished Renaming Generated Instances : Time (s): cpu = 00:00:23 ; elapsed = 00:00:24 . Memory (MB): peak = 2633.559 ; gain = 895.125 ; free physical = 400 ; free virtual = 5050
---------------------------------------------------------------------------------
---------------------------------------------------------------------------------
Start Rebuilding User Hierarchy
---------------------------------------------------------------------------------
---------------------------------------------------------------------------------
Finished Rebuilding User Hierarchy : Time (s): cpu = 00:00:23 ; elapsed = 00:00:24 . Memory (MB): peak = 2633.559 ; gain = 895.125 ; free physical = 400 ; free virtual = 5050
---------------------------------------------------------------------------------
---------------------------------------------------------------------------------
Start Renaming Generated Ports
---------------------------------------------------------------------------------
---------------------------------------------------------------------------------
Finished Renaming Generated Ports : Time (s): cpu = 00:00:23 ; elapsed = 00:00:24 . Memory (MB): peak = 2633.559 ; gain = 895.125 ; free physical = 400 ; free virtual = 5050
---------------------------------------------------------------------------------
---------------------------------------------------------------------------------
Start Handling Custom Attributes
---------------------------------------------------------------------------------
---------------------------------------------------------------------------------
Finished Handling Custom Attributes : Time (s): cpu = 00:00:23 ; elapsed = 00:00:24 . Memory (MB): peak = 2636.527 ; gain = 898.094 ; free physical = 400 ; free virtual = 5050
---------------------------------------------------------------------------------
---------------------------------------------------------------------------------
Start Renaming Generated Nets
---------------------------------------------------------------------------------
---------------------------------------------------------------------------------
Finished Renaming Generated Nets : Time (s): cpu = 00:00:23 ; elapsed = 00:00:24 . Memory (MB): peak = 2636.527 ; gain = 898.094 ; free physical = 400 ; free virtual = 5050
---------------------------------------------------------------------------------
---------------------------------------------------------------------------------
Start Writing Synthesis Report
---------------------------------------------------------------------------------

Report BlackBoxes: 
+-+--------------+----------+
| |BlackBox name |Instances |
+-+--------------+----------+
+-+--------------+----------+

Report Cell Usage: 
+------+---------+------+
|      |Cell     |Count |
+------+---------+------+
|1     |CARRY4   |     2|
|2     |LUT1     |     5|
|3     |LUT2     |    35|
|4     |LUT3     |    20|
|5     |LUT4     |    18|
|6     |LUT5     |    23|
|7     |LUT6     |    29|
|8     |RAMB18E1 |     1|
|9     |RAMB36E1 |     1|
|10    |FDRE     |   188|
|11    |FDSE     |     6|
+------+---------+------+
---------------------------------------------------------------------------------
Finished Writing Synthesis Report : Time (s): cpu = 00:00:23 ; elapsed = 00:00:24 . Memory (MB): peak = 2636.527 ; gain = 898.094 ; free physical = 400 ; free virtual = 5050
---------------------------------------------------------------------------------
Synthesis finished with 0 errors, 0 critical warnings and 104 warnings.
Synthesis Optimization Runtime : Time (s): cpu = 00:00:21 ; elapsed = 00:00:22 . Memory (MB): peak = 2636.527 ; gain = 773.320 ; free physical = 396 ; free virtual = 5047
Synthesis Optimization Complete : Time (s): cpu = 00:00:23 ; elapsed = 00:00:24 . Memory (MB): peak = 2636.535 ; gain = 898.094 ; free physical = 396 ; free virtual = 5047
INFO: [Project 1-571] Translating synthesized netlist
Netlist sorting complete. Time (s): cpu = 00:00:00.01 ; elapsed = 00:00:00 . Memory (MB): peak = 2636.535 ; gain = 0.000 ; free physical = 411 ; free virtual = 5061
INFO: [Netlist 29-17] Analyzing 4 Unisim elements for replacement
INFO: [Netlist 29-28] Unisim Transformation completed in 0 CPU seconds
INFO: [Project 1-570] Preparing netlist for logic optimization
INFO: [Opt 31-138] Pushed 0 inverter(s) to 0 load pin(s).
Netlist sorting complete. Time (s): cpu = 00:00:00 ; elapsed = 00:00:00 . Memory (MB): peak = 2692.555 ; gain = 0.000 ; free physical = 463 ; free virtual = 5120
INFO: [Project 1-111] Unisim Transformation Summary:
No Unisim elements were transformed.

Synth Design complete | Checksum: 319ddbbe
INFO: [Common 17-83] Releasing license: Synthesis
77 Infos, 107 Warnings, 0 Critical Warnings and 0 Errors encountered.
synth_design completed successfully
synth_design: Time (s): cpu = 00:00:31 ; elapsed = 00:00:29 . Memory (MB): peak = 2692.590 ; gain = 1145.734 ; free physical = 428 ; free virtual = 5105
INFO: [Common 17-2834] synth_design peak Physical Memory [PSS] (MB): overall = 1578.619; main = 1578.619; forked = 183.598
INFO: [Common 17-2834] synth_design peak Virtual Memory [VSS] (MB): overall = 3379.562; main = 2692.559; forked = 963.859
Write ShapeDB Complete: Time (s): cpu = 00:00:00 ; elapsed = 00:00:00.01 . Memory (MB): peak = 2716.566 ; gain = 0.000 ; free physical = 416 ; free virtual = 5096
INFO: [Common 17-1381] The checkpoint '/home/jstrz/slam/corner_detection.runs/design_1_axis_data_fifo_1_0_synth_1/design_1_axis_data_fifo_1_0.dcp' has been generated.
INFO: [Coretcl 2-1648] Added synthesis output to IP cache for IP design_1_axis_data_fifo_1_0, cache-ID = 26c200be21065840
INFO: [Coretcl 2-1174] Renamed 21 cell refs.
Write ShapeDB Complete: Time (s): cpu = 00:00:00 ; elapsed = 00:00:00 . Memory (MB): peak = 2716.566 ; gain = 0.000 ; free physical = 380 ; free virtual = 5059
INFO: [Common 17-1381] The checkpoint '/home/jstrz/slam/corner_detection.runs/design_1_axis_data_fifo_1_0_synth_1/design_1_axis_data_fifo_1_0.dcp' has been generated.
INFO: [Vivado 12-24828] Executing command : report_utilization -file design_1_axis_data_fifo_1_0_utilization_synth.rpt -pb design_1_axis_data_fifo_1_0_utilization_synth.pb
INFO: [Common 17-206] Exiting Vivado at Mon Dec  8 21:18:27 2025...
